#
# There is insufficient memory for the Java Runtime Environment to continue.
# Native memory allocation (mmap) failed to map 268435456 bytes for Failed to commit area from 0x0000000701a00000 to 0x0000000711a00000 of length 268435456.
# Possible reasons:
#   The system is out of physical RAM or swap space
#   The process is running with CompressedOops enabled, and the Java Heap may be blocking the growth of the native heap
# Possible solutions:
#   Reduce memory load on the system
#   Increase physical memory or swap space
#   Check if swap backing store is full
#   Decrease Java heap size (-Xmx/-Xms)
#   Decrease number of Java threads
#   Decrease Java thread stack sizes (-Xss)
#   Set larger code cache with -XX:ReservedCodeCacheSize=
# This output file may be truncated or incomplete.
#
#  Out of Memory Error (./src/hotspot/os/windows/os_windows.cpp:3301), pid=11540, tid=7204
#
# JRE version:  (11.0.10) (build )
# Java VM: OpenJDK 64-Bit Server VM (11.0.10+0-b96-7249189, mixed mode, sharing, tiered, compressed oops, g1 gc, windows-amd64)
# No core dump will be written. Minidumps are not enabled by default on client versions of Windows
#

---------------  S U M M A R Y ------------

Command Line: org.jetbrains.kotlin.cli.jvm.K2JVMCompiler @C:\Users\alawael\AndroidStudioProjects\nabd-elkhair-application\app\build\20220204_16802194451895470572.compiler.options

Host: Intel(R) Core(TM) i7-8550U CPU @ 1.80GHz, 8 cores, 15G,  Windows 10 , 64 bit Build 19041 (10.0.19041.1503)
Time: Fri Feb  4 11:45:35 2022 Jerusalem Standard Time elapsed time: 0.051815 seconds (0d 0h 0m 0s)

---------------  T H R E A D  ---------------

Current thread (0x000001c53fb4c000):  JavaThread "Unknown thread" [_thread_in_vm, id=7204, stack(0x0000000bb5100000,0x0000000bb5200000)]

Stack: [0x0000000bb5100000,0x0000000bb5200000]
Native frames: (J=compiled Java code, j=interpreted, Vv=VM code, C=native code)
V  [jvm.dll+0x5ecfaa]
V  [jvm.dll+0x722bd5]
V  [jvm.dll+0x72412d]
V  [jvm.dll+0x7247e3]
V  [jvm.dll+0x242928]
V  [jvm.dll+0x5ea374]
V  [jvm.dll+0x5df425]
V  [jvm.dll+0x2fdebb]
V  [jvm.dll+0x2fde2a]
V  [jvm.dll+0x2fdd02]
V  [jvm.dll+0x302bf6]
V  [jvm.dll+0x34b2a3]
V  [jvm.dll+0x34b9a6]
V  [jvm.dll+0x34b3a3]
V  [jvm.dll+0x2d8888]
V  [jvm.dll+0x2d9a37]
V  [jvm.dll+0x701737]
V  [jvm.dll+0x702f2c]
V  [jvm.dll+0x3587d9]
V  [jvm.dll+0x6e4fae]
V  [jvm.dll+0x3c0be3]
V  [jvm.dll+0x3c2e91]
C  [jli.dll+0x5373]
C  [ucrtbase.dll+0x21bb2]
C  [KERNEL32.DLL+0x17034]
C  [ntdll.dll+0x52651]


---------------  P R O C E S S  ---------------

Threads class SMR info:
_java_thread_list=0x000001c53e1d6780, length=0, elements={
}

Java Threads: ( => current thread )

Other Threads:
  0x000001c53fb6b800 GCTaskThread "GC Thread#0" [stack: 0x0000000bb5200000,0x0000000bb5300000] [id=5952]
  0x000001c53fbc6800 ConcurrentGCThread "G1 Main Marker" [stack: 0x0000000bb5300000,0x0000000bb5400000] [id=7248]
  0x000001c53fbc8000 ConcurrentGCThread "G1 Conc#0" [stack: 0x0000000bb5400000,0x0000000bb5500000] [id=5632]

[error occurred during error reporting (printing all threads), id 0xc0000005, EXCEPTION_ACCESS_VIOLATION (0xc0000005) at pc=0x00007ffde7609107]

VM state:not at safepoint (not fully initialized)

VM Mutex/Monitor currently owned by a thread:  ([mutex/lock_event])
[0x000001c53fb498b0] Heap_lock - owner thread: 0x000001c53fb4c000

Heap address: 0x0000000701a00000, size: 4070 MB, Compressed Oops mode: Non-zero based: 0x0000000701a00000
Narrow klass base: 0x0000000000000000, Narrow klass shift: 0

GC Heap History (0 events):
No events

Deoptimization events (0 events):
No events

Classes redefined (0 events):
No events

Internal exceptions (0 events):
No events

Events (1 events):
Event: 0.029 Loaded shared library C:\Program Files\Android\Android Studio\jre\bin\zip.dll


Dynamic libraries:
0x00007ff7a8370000 - 0x00007ff7a837a000 	C:\Program Files\Android\Android Studio\jre\bin\java.exe
0x00007ffe487b0000 - 0x00007ffe489a5000 	C:\WINDOWS\SYSTEM32\ntdll.dll
0x00007ffe46d40000 - 0x00007ffe46dfe000 	C:\WINDOWS\System32\KERNEL32.DLL
0x00007ffe46530000 - 0x00007ffe467f8000 	C:\WINDOWS\System32\KERNELBASE.dll
0x00007ffe462b0000 - 0x00007ffe463b0000 	C:\WINDOWS\System32\ucrtbase.dll
0x00007ffe25670000 - 0x00007ffe25689000 	C:\Program Files\Android\Android Studio\jre\bin\jli.dll
0x00007ffe25690000 - 0x00007ffe256a7000 	C:\Program Files\Android\Android Studio\jre\bin\VCRUNTIME140.dll
0x00007ffe47900000 - 0x00007ffe47aa0000 	C:\WINDOWS\System32\USER32.dll
0x00007ffe46200000 - 0x00007ffe46222000 	C:\WINDOWS\System32\win32u.dll
0x00007ffe478d0000 - 0x00007ffe478fb000 	C:\WINDOWS\System32\GDI32.dll
0x00007ffe32070000 - 0x00007ffe3230a000 	C:\WINDOWS\WinSxS\amd64_microsoft.windows.common-controls_6595b64144ccf1df_6.0.19041.1110_none_60b5254171f9507e\COMCTL32.dll
0x00007ffe463b0000 - 0x00007ffe464bd000 	C:\WINDOWS\System32\gdi32full.dll
0x00007ffe47830000 - 0x00007ffe478ce000 	C:\WINDOWS\System32\msvcrt.dll
0x00007ffe45ec0000 - 0x00007ffe45f5d000 	C:\WINDOWS\System32\msvcp_win.dll
0x00007ffe477f0000 - 0x00007ffe47820000 	C:\WINDOWS\System32\IMM32.DLL
0x00007ffe255d0000 - 0x00007ffe2566d000 	C:\Program Files\Android\Android Studio\jre\bin\msvcp140.dll
0x00007ffde7320000 - 0x00007ffde7def000 	C:\Program Files\Android\Android Studio\jre\bin\server\jvm.dll
0x00007ffe46800000 - 0x00007ffe468ae000 	C:\WINDOWS\System32\ADVAPI32.dll
0x00007ffe47d40000 - 0x00007ffe47ddc000 	C:\WINDOWS\System32\sechost.dll
0x00007ffe47de0000 - 0x00007ffe47f05000 	C:\WINDOWS\System32\RPCRT4.dll
0x00007ffe47820000 - 0x00007ffe47828000 	C:\WINDOWS\System32\PSAPI.DLL
0x00007ffe402c0000 - 0x00007ffe402c9000 	C:\WINDOWS\SYSTEM32\WSOCK32.dll
0x00007ffe325c0000 - 0x00007ffe325e7000 	C:\WINDOWS\SYSTEM32\WINMM.dll
0x00007ffe403d0000 - 0x00007ffe403da000 	C:\WINDOWS\SYSTEM32\VERSION.dll
0x00007ffe47c70000 - 0x00007ffe47cdb000 	C:\WINDOWS\System32\WS2_32.dll
0x00007ffe44790000 - 0x00007ffe447a2000 	C:\WINDOWS\SYSTEM32\kernel.appcore.dll
0x00007ffe33900000 - 0x00007ffe33911000 	C:\Program Files\Android\Android Studio\jre\bin\verify.dll
0x00007ffe414e0000 - 0x00007ffe416c4000 	C:\WINDOWS\SYSTEM32\DBGHELP.DLL
0x00007ffe2e680000 - 0x00007ffe2e6ac000 	C:\WINDOWS\SYSTEM32\dbgcore.DLL
0x00007ffe46170000 - 0x00007ffe461f2000 	C:\WINDOWS\System32\bcryptPrimitives.dll
0x00007ffe268c0000 - 0x00007ffe268e9000 	C:\Program Files\Android\Android Studio\jre\bin\java.dll
0x00007ffe402b0000 - 0x00007ffe402bb000 	C:\Program Files\Android\Android Studio\jre\bin\jimage.dll
0x00007ffe25bd0000 - 0x00007ffe25be8000 	C:\Program Files\Android\Android Studio\jre\bin\zip.dll

dbghelp: loaded successfully - version: 4.0.5 - missing functions: none
symbol engine: initialized successfully - sym options: 0x614 - pdb path: .;C:\Program Files\Android\Android Studio\jre\bin;C:\WINDOWS\SYSTEM32;C:\WINDOWS\WinSxS\amd64_microsoft.windows.common-controls_6595b64144ccf1df_6.0.19041.1110_none_60b5254171f9507e;C:\Program Files\Android\Android Studio\jre\bin\server

VM Arguments:
java_command: org.jetbrains.kotlin.cli.jvm.K2JVMCompiler @C:\Users\alawael\AndroidStudioProjects\nabd-elkhair-application\app\build\20220204_16802194451895470572.compiler.options
java_class_path (initial): C:\Users\alawael\.gradle\caches\modules-2\files-2.1\org.jetbrains.kotlin\kotlin-compiler-embeddable\1.5.20\1900e8b9aca0a9caffd45b99b36e3720a0a284f8\kotlin-compiler-embeddable-1.5.20.jar;C:\Users\alawael\.gradle\caches\modules-2\files-2.1\org.jetbrains.kotlin\kotlin-reflect\1.5.20\63810951f09a27f7827977f1bc21094042a915e\kotlin-reflect-1.5.20.jar;C:\Users\alawael\.gradle\caches\modules-2\files-2.1\org.jetbrains.kotlin\kotlin-stdlib\1.5.20\9de35cc611bcecec8edce1d56d8e659953806751\kotlin-stdlib-1.5.20.jar;C:\Users\alawael\.gradle\caches\modules-2\files-2.1\org.jetbrains.kotlin\kotlin-script-runtime\1.5.20\4381bb58d37b84d4d1afe55ec35542dd9b77e101\kotlin-script-runtime-1.5.20.jar;C:\Users\alawael\.gradle\caches\modules-2\files-2.1\org.jetbrains.kotlin\kotlin-daemon-embeddable\1.5.20\36c38cda019834dcd2959cc33a12768adcd94256\kotlin-daemon-embeddable-1.5.20.jar;C:\Users\alawael\.gradle\caches\modules-2\files-2.1\org.jetbrains.intellij.deps\trove4j\1.0.20181211\216c2e14b070f334479d800987affe4054cd563f\trove4j-1.0.20181211.jar;C:\Users\alawael\.gradle\caches\modules-2\files-2.1\org.jetbrains\annotations\13.0\919f0dfe192fb4e063e7dacadee7f8bb9a2672a9\annotations-13.0.jar;C:\Users\alawael\.gradle\caches\modules-2\files-2.1\org.jetbrains.kotlin\kotlin-stdlib-common\1.5.20\3d79dbd48bf605f4aac1e7028981a1953e245cbb\kotlin-stdlib-common-1.5.20.jar
Launcher Type: SUN_STANDARD

[Global flags]
     intx CICompilerCount                          = 4                                         {product} {ergonomic}
     uint ConcGCThreads                            = 2                                         {product} {ergonomic}
     uint G1ConcRefinementThreads                  = 8                                         {product} {ergonomic}
   size_t G1HeapRegionSize                         = 1048576                                   {product} {ergonomic}
    uintx GCDrainStackTargetSize                   = 64                                        {product} {ergonomic}
   size_t InitialHeapSize                          = 268435456                                 {product} {ergonomic}
   size_t MarkStackSize                            = 4194304                                   {product} {ergonomic}
   size_t MaxHeapSize                              = 4267704320                                {product} {ergonomic}
   size_t MinHeapDeltaBytes                        = 1048576                                   {product} {ergonomic}
    uintx NonNMethodCodeHeapSize                   = 5836300                                {pd product} {ergonomic}
    uintx NonProfiledCodeHeapSize                  = 122910970                              {pd product} {ergonomic}
    uintx ProfiledCodeHeapSize                     = 122910970                              {pd product} {ergonomic}
    uintx ReservedCodeCacheSize                    = 251658240                              {pd product} {ergonomic}
     bool SegmentedCodeCache                       = true                                      {product} {ergonomic}
     bool UseCompressedClassPointers               = true                                 {lp64_product} {ergonomic}
     bool UseCompressedOops                        = true                                 {lp64_product} {ergonomic}
     bool UseG1GC                                  = true                                      {product} {ergonomic}
     bool UseLargePagesIndividualAllocation        = false                                  {pd product} {ergonomic}

Logging:
Log output configuration:
 #0: stdout all=warning uptime,level,tags
 #1: stderr all=off uptime,level,tags

Environment Variables:
PATH=C:\Program Files (x86)\Common Files\Oracle\Java\javapath;C:\ProgramData\Oracle\Java\javapath;C:\WINDOWS\system32;C:\WINDOWS;C:\WINDOWS\System32\Wbem;C:\WINDOWS\System32\WindowsPowerShell\v1.0\;C:\WINDOWS\System32\OpenSSH\;C:\Program Files\Git\cmd;C:\Users\alawael\AppData\Local\Microsoft\WindowsApps;;C:\Users\alawael\AppData\Local\Programs\Microsoft VS Code\bin
USERNAME=alawael
OS=Windows_NT
PROCESSOR_IDENTIFIER=Intel64 Family 6 Model 142 Stepping 10, GenuineIntel



---------------  S Y S T E M  ---------------

OS: Windows 10 , 64 bit Build 19041 (10.0.19041.1503)
OS uptime: 0 days 0:17 hours

CPU:total 8 (initial active 8) (4 cores per cpu, 2 threads per core) family 6 model 142 stepping 10 microcode 0xb4, cmov, cx8, fxsr, mmx, sse, sse2, sse3, ssse3, sse4.1, sse4.2, popcnt, avx, avx2, aes, clmul, erms, 3dnowpref, lzcnt, ht, tsc, tscinvbit, bmi1, bmi2, adx, fma

Memory: 4k page, system-wide physical 16279M (411M free)
TotalPageFile size 44868M (AvailPageFile size 206M)
current process WorkingSet (physical memory assigned to process): 10M, peak: 10M
current process commit charge ("private bytes"): 60M, peak: 316M

vm_info: OpenJDK 64-Bit Server VM (11.0.10+0-b96-7249189) for windows-amd64 JRE (11.0.10+0-b96-7249189), built on Mar 31 2021 21:44:00 by "builder" with MS VC++ 14.0 (VS2015)

END.
